<?xml version="1.0" encoding="UTF-8"?>
<!-- Generated by org.testng.reporters.JUnitXMLReporter -->
<testsuite ignored="0" hostname="DESKTOP-NMESJHG" failures="0" tests="5" name="Default test" time="25.074" errors="0" timestamp="2023-06-27T08:18:50 ICT">
  <testcase classname="cookieTesting.cookieTesting" name="addCookie" time="1.14"/>
  <testcase classname="cookieTesting.cookieTesting" name="cookieLifeTime" time="0.494"/>
  <testcase classname="cookieTesting.cookieTesting" name="deleteCookie" time="0.815"/>
  <testcase classname="cookieTesting.cookieTesting" name="secureCheck" time="0.97"/>
  <testcase classname="cookieTesting.cookieTesting" name="useCookie" time="0.878"/>
</testsuite> <!-- Default test -->
